<?xml version="1.0" encoding="UTF-8"?>
<testsuite xmlns:xsi="http://www.w3.org/2001/XMLSchema-instance" xsi:noNamespaceSchemaLocation="https://maven.apache.org/surefire/maven-surefire-plugin/xsd/surefire-test-report-3.0.xsd" version="3.0" name="com.example.demo.DemoApplicationTests" time="25.244" tests="1" errors="0" skipped="0" failures="0">
  <properties>
[...]
</properties>
  <testcase name="contextLoads" classname="com.example.demo.DemoApplicationTests" time="1.053">
    <system-out><![CDATA[15:24:55.713 [main] INFO org.springframework.test.context.support.AnnotationConfigContextLoaderUtils -- Could not detect default configuration classes for test class [com.example.demo.DemoApplicationTests]: DemoApplicationTests does not declare any static, non-private, non-final, nested classes annotated with @Configuration.
15:24:55.918 [main] INFO org.springframework.boot.test.context.SpringBootTestContextBootstrapper -- Found @SpringBootConfiguration com.example.demo.DemoApplication for test class com.example.demo.DemoApplicationTests

  .   ____          _            __ _ _
 /\\ / ___'_ __ _ _(_)_ __  __ _ \ \ \ \
( ( )\___ | '_ | '_| | '_ \/ _` | \ \ \ \
 \\/  ___)| |_)| | | | | || (_| |  ) ) ) )
  '  |____| .__|_| |_|_| |_\__, | / / / /
 =========|_|==============|___/=/_/_/_/

 :: Spring Boot ::                (v3.3.4)

2024-10-03T15:25:00.243+05:30  INFO 3376 --- [department-service] [           main] [                                                 ] com.example.demo.DemoApplicationTests    : Starting DemoApplicationTests using Java 23 with PID 3376 (started by Administrator in C:\Users\Administrator\Documents\Demo Programs\full_stack-main\demo\demo)
2024-10-03T15:25:00.247+05:30  INFO 3376 --- [department-service] [           main] [                                                 ] com.example.demo.DemoApplicationTests    : No active profile set, falling back to 1 default profile: "default"
2024-10-03T15:25:00.346+05:30  INFO 3376 --- [department-service] [           main] [                                                 ] o.s.c.c.c.ConfigServerConfigDataLoader   : Fetching config from server at : http://config-sr:8088
2024-10-03T15:25:00.347+05:30  INFO 3376 --- [department-service] [           main] [                                                 ] o.s.c.c.c.ConfigServerConfigDataLoader   : Exception on Url - http://config-sr:8088:org.springframework.web.client.ResourceAccessException: I/O error on GET request for "http://config-sr:8088/department-service/default": config-sr. Will be trying the next url if available
2024-10-03T15:25:00.347+05:30  WARN 3376 --- [department-service] [           main] [                                                 ] o.s.c.c.c.ConfigServerConfigDataLoader   : Could not locate PropertySource ([ConfigServerConfigDataResource@1a480135 uris = array<String>['http://config-sr:8088'], optional = true, profiles = 'default']): I/O error on GET request for "http://config-sr:8088/department-service/default": config-sr
2024-10-03T15:25:00.347+05:30  INFO 3376 --- [department-service] [           main] [                                                 ] o.s.c.c.c.ConfigServerConfigDataLoader   : Fetching config from server at : http://config-sr:8088
2024-10-03T15:25:00.347+05:30  INFO 3376 --- [department-service] [           main] [                                                 ] o.s.c.c.c.ConfigServerConfigDataLoader   : Exception on Url - http://config-sr:8088:org.springframework.web.client.ResourceAccessException: I/O error on GET request for "http://config-sr:8088/department-service/default": config-sr. Will be trying the next url if available
2024-10-03T15:25:00.347+05:30  WARN 3376 --- [department-service] [           main] [                                                 ] o.s.c.c.c.ConfigServerConfigDataLoader   : Could not locate PropertySource ([ConfigServerConfigDataResource@6be7bf6d uris = array<String>['http://config-sr:8088'], optional = true, profiles = 'default']): I/O error on GET request for "http://config-sr:8088/department-service/default": config-sr
2024-10-03T15:25:00.347+05:30  INFO 3376 --- [department-service] [           main] [                                                 ] o.s.c.c.c.ConfigServerConfigDataLoader   : Fetching config from server at : http://config-sr:8088
2024-10-03T15:25:00.348+05:30  INFO 3376 --- [department-service] [           main] [                                                 ] o.s.c.c.c.ConfigServerConfigDataLoader   : Exception on Url - http://config-sr:8088:org.springframework.web.client.ResourceAccessException: I/O error on GET request for "http://config-sr:8088/department-service/default": config-sr. Will be trying the next url if available
2024-10-03T15:25:00.348+05:30  WARN 3376 --- [department-service] [           main] [                                                 ] o.s.c.c.c.ConfigServerConfigDataLoader   : Could not locate PropertySource ([ConfigServerConfigDataResource@134c370e uris = array<String>['http://config-sr:8088'], optional = true, profiles = 'default']): I/O error on GET request for "http://config-sr:8088/department-service/default": config-sr
2024-10-03T15:25:03.360+05:30  INFO 3376 --- [department-service] [           main] [                                                 ] .s.d.r.c.RepositoryConfigurationDelegate : Bootstrapping Spring Data JPA repositories in DEFAULT mode.
2024-10-03T15:25:03.814+05:30  INFO 3376 --- [department-service] [           main] [                                                 ] .s.d.r.c.RepositoryConfigurationDelegate : Finished Spring Data repository scanning in 428 ms. Found 1 JPA repository interface.
2024-10-03T15:25:05.075+05:30  INFO 3376 --- [department-service] [           main] [                                                 ] o.s.cloud.context.scope.GenericScope     : BeanFactory id=9ac79a41-9d9e-3235-91ba-31f211e8b4d7
2024-10-03T15:25:06.039+05:30  WARN 3376 --- [department-service] [           main] [                                                 ] trationDelegate$BeanPostProcessorChecker : Bean 'org.springframework.cloud.client.loadbalancer.LoadBalancerAutoConfiguration$DeferringLoadBalancerInterceptorConfig' of type [org.springframework.cloud.client.loadbalancer.LoadBalancerAutoConfiguration$DeferringLoadBalancerInterceptorConfig] is not eligible for getting processed by all BeanPostProcessors (for example: not eligible for auto-proxying). The currently created BeanPostProcessor [lbRestClientPostProcessor] is declared through a non-static factory method on that class; consider declaring it as static instead.
2024-10-03T15:25:06.056+05:30  WARN 3376 --- [department-service] [           main] [                                                 ] trationDelegate$BeanPostProcessorChecker : Bean 'deferringLoadBalancerInterceptor' of type [org.springframework.cloud.client.loadbalancer.DeferringLoadBalancerInterceptor] is not eligible for getting processed by all BeanPostProcessors (for example: not eligible for auto-proxying). Is this bean getting eagerly injected into a currently created BeanPostProcessor [lbRestClientPostProcessor]? Check the corresponding BeanPostProcessor declaration and its dependencies.
2024-10-03T15:25:06.758+05:30  INFO 3376 --- [department-service] [           main] [                                                 ] com.zaxxer.hikari.HikariDataSource       : HikariPool-1 - Starting...
2024-10-03T15:25:07.216+05:30  INFO 3376 --- [department-service] [           main] [                                                 ] com.zaxxer.hikari.pool.HikariPool        : HikariPool-1 - Added connection conn0: url=jdbc:h2:mem:7c8adbb0-a2f2-4eb5-b5d9-abc9cfec4311 user=SA
2024-10-03T15:25:07.219+05:30  INFO 3376 --- [department-service] [           main] [                                                 ] com.zaxxer.hikari.HikariDataSource       : HikariPool-1 - Start completed.
2024-10-03T15:25:07.307+05:30  INFO 3376 --- [department-service] [           main] [                                                 ] o.hibernate.jpa.internal.util.LogHelper  : HHH000204: Processing PersistenceUnitInfo [name: default]
2024-10-03T15:25:07.489+05:30  INFO 3376 --- [department-service] [           main] [                                                 ] org.hibernate.Version                    : HHH000412: Hibernate ORM core version 6.5.3.Final
2024-10-03T15:25:07.569+05:30  INFO 3376 --- [department-service] [           main] [                                                 ] o.h.c.internal.RegionFactoryInitiator    : HHH000026: Second-level cache disabled
2024-10-03T15:25:08.379+05:30  INFO 3376 --- [department-service] [           main] [                                                 ] o.s.o.j.p.SpringPersistenceUnitInfo      : No LoadTimeWeaver setup: ignoring JPA class transformer
2024-10-03T15:25:10.142+05:30  INFO 3376 --- [department-service] [           main] [                                                 ] o.h.e.t.j.p.i.JtaPlatformInitiator       : HHH000489: No JTA platform available (set 'hibernate.transaction.jta.platform' to enable JTA platform integration)
2024-10-03T15:25:10.213+05:30  INFO 3376 --- [department-service] [           main] [                                                 ] j.LocalContainerEntityManagerFactoryBean : Initialized JPA EntityManagerFactory for persistence unit 'default'
2024-10-03T15:25:12.370+05:30  WARN 3376 --- [department-service] [           main] [                                                 ] JpaBaseConfiguration$JpaWebConfiguration : spring.jpa.open-in-view is enabled by default. Therefore, database queries may be performed during view rendering. Explicitly configure spring.jpa.open-in-view to disable this warning
2024-10-03T15:25:18.542+05:30  INFO 3376 --- [department-service] [           main] [                                                 ] DiscoveryClientOptionalArgsConfiguration : Eureka HTTP Client uses RestTemplate.
2024-10-03T15:25:18.692+05:30  WARN 3376 --- [department-service] [           main] [                                                 ] iguration$LoadBalancerCaffeineWarnLogger : Spring Cloud LoadBalancer is currently working with the default cache. While this cache implementation is useful for development and tests, it's recommended to use Caffeine cache in production.You can switch to using Caffeine cache, by adding it and org.springframework.cache.caffeine.CaffeineCacheManager to the classpath.
2024-10-03T15:25:18.726+05:30  INFO 3376 --- [department-service] [           main] [                                                 ] o.s.b.a.e.web.EndpointLinksResolver      : Exposing 1 endpoint beneath base path '/actuator'
2024-10-03T15:25:18.868+05:30  INFO 3376 --- [department-service] [           main] [                                                 ] o.s.c.n.eureka.InstanceInfoFactory       : Setting initial instance status as: STARTING
2024-10-03T15:25:18.913+05:30  INFO 3376 --- [department-service] [           main] [                                                 ] com.netflix.discovery.DiscoveryClient    : Initializing Eureka in region us-east-1
2024-10-03T15:25:18.920+05:30  INFO 3376 --- [department-service] [           main] [                                                 ] c.n.d.s.r.aws.ConfigClusterResolver      : Resolving eureka endpoints via configuration
2024-10-03T15:25:18.935+05:30  INFO 3376 --- [department-service] [           main] [                                                 ] com.netflix.discovery.DiscoveryClient    : Disable delta property : false
2024-10-03T15:25:18.936+05:30  INFO 3376 --- [department-service] [           main] [                                                 ] com.netflix.discovery.DiscoveryClient    : Single vip registry refresh property : null
2024-10-03T15:25:18.936+05:30  INFO 3376 --- [department-service] [           main] [                                                 ] com.netflix.discovery.DiscoveryClient    : Force full registry fetch : false
2024-10-03T15:25:18.936+05:30  INFO 3376 --- [department-service] [           main] [                                                 ] com.netflix.discovery.DiscoveryClient    : Application is null : false
2024-10-03T15:25:18.936+05:30  INFO 3376 --- [department-service] [           main] [                                                 ] com.netflix.discovery.DiscoveryClient    : Registered Applications size is zero : true
2024-10-03T15:25:18.936+05:30  INFO 3376 --- [department-service] [           main] [                                                 ] com.netflix.discovery.DiscoveryClient    : Application version is -1: true
2024-10-03T15:25:18.936+05:30  INFO 3376 --- [department-service] [           main] [                                                 ] com.netflix.discovery.DiscoveryClient    : Getting all instance registry info from the eureka server
2024-10-03T15:25:19.293+05:30  INFO 3376 --- [department-service] [           main] [                                                 ] com.netflix.discovery.DiscoveryClient    : The response status is 200
2024-10-03T15:25:19.297+05:30  INFO 3376 --- [department-service] [           main] [                                                 ] com.netflix.discovery.DiscoveryClient    : Starting heartbeat executor: renew interval is: 30
2024-10-03T15:25:19.300+05:30  INFO 3376 --- [department-service] [           main] [                                                 ] c.n.discovery.InstanceInfoReplicator     : InstanceInfoReplicator onDemand update allowed rate per min is 4
2024-10-03T15:25:19.302+05:30  INFO 3376 --- [department-service] [           main] [                                                 ] com.netflix.discovery.DiscoveryClient    : Discovery Client initialized at timestamp 1727949319302 with initial instances count: 2
2024-10-03T15:25:19.362+05:30  INFO 3376 --- [department-service] [           main] [                                                 ] o.s.c.n.e.s.EurekaServiceRegistry        : Registering application DEPARTMENT-SERVICE with eureka with status UP
2024-10-03T15:25:19.363+05:30  INFO 3376 --- [department-service] [           main] [                                                 ] com.netflix.discovery.DiscoveryClient    : Saw local status change event StatusChangeEvent [timestamp=1727949319363, current=UP, previous=STARTING]
2024-10-03T15:25:19.369+05:30  INFO 3376 --- [department-service] [foReplicator-%d] [                                                 ] com.netflix.discovery.DiscoveryClient    : DiscoveryClient_DEPARTMENT-SERVICE/172.19.5.112:department-service: registering service...
2024-10-03T15:25:19.412+05:30  INFO 3376 --- [department-service] [           main] [                                                 ] com.example.demo.DemoApplicationTests    : Started DemoApplicationTests in 23.184 seconds (process running for 25.637)
2024-10-03T15:25:19.630+05:30  INFO 3376 --- [department-service] [foReplicator-%d] [                                                 ] com.netflix.discovery.DiscoveryClient    : DiscoveryClient_DEPARTMENT-SERVICE/172.19.5.112:department-service - registration status: 204
]]></system-out>
    <system-err><![CDATA[WARNING: A Java agent has been loaded dynamically (C:\Users\Administrator\.m2\repository\net\bytebuddy\byte-buddy-agent\1.14.19\byte-buddy-agent-1.14.19.jar)
WARNING: If a serviceability tool is in use, please run with -XX:+EnableDynamicAgentLoading to hide this warning
WARNING: If a serviceability tool is not in use, please run with -Djdk.instrument.traceUsage for more information
WARNING: Dynamic loading of agents will be disallowed by default in a future release
]]></system-err>
  </testcase>
</testsuite>